[2021-04-21 13:50:54] local.ERROR: Class 'niklasravnsborg\LaravelPdf\PdfServiceProvider' not found {"exception":"[object] (Error(code: 0): Class 'niklasravnsborg\\LaravelPdf\\PdfServiceProvider' not found at D:\\Meus repositórios github\\Sistema de Gerenciamento de Escola\\vendor\\laravel\\framework\\src\\Illuminate\\Foundation\\ProviderRepository.php:208)
[stacktrace]
#0 D:\\Meus repositórios github\\Sistema de Gerenciamento de Escola\\vendor\\laravel\\framework\\src\\Illuminate\\Foundation\\ProviderRepository.php(144): Illuminate\\Foundation\\ProviderRepository->createProvider('niklasravnsborg...')
#1 D:\\Meus repositórios github\\Sistema de Gerenciamento de Escola\\vendor\\laravel\\framework\\src\\Illuminate\\Foundation\\ProviderRepository.php(61): Illuminate\\Foundation\\ProviderRepository->compileManifest(Array)
#2 D:\\Meus repositórios github\\Sistema de Gerenciamento de Escola\\vendor\\laravel\\framework\\src\\Illuminate\\Foundation\\Application.php(649): Illuminate\\Foundation\\ProviderRepository->load(Array)
#3 D:\\Meus repositórios github\\Sistema de Gerenciamento de Escola\\vendor\\laravel\\framework\\src\\Illuminate\\Foundation\\Bootstrap\\RegisterProviders.php(17): Illuminate\\Foundation\\Application->registerConfiguredProviders()
#4 D:\\Meus repositórios github\\Sistema de Gerenciamento de Escola\\vendor\\laravel\\framework\\src\\Illuminate\\Foundation\\Application.php(237): Illuminate\\Foundation\\Bootstrap\\RegisterProviders->bootstrap(Object(Illuminate\\Foundation\\Application))
#5 D:\\Meus repositórios github\\Sistema de Gerenciamento de Escola\\vendor\\laravel\\framework\\src\\Illuminate\\Foundation\\Console\\Kernel.php(310): Illuminate\\Foundation\\Application->bootstrapWith(Array)
#6 D:\\Meus repositórios github\\Sistema de Gerenciamento de Escola\\vendor\\laravel\\framework\\src\\Illuminate\\Foundation\\Console\\Kernel.php(127): Illuminate\\Foundation\\Console\\Kernel->bootstrap()
#7 D:\\Meus repositórios github\\Sistema de Gerenciamento de Escola\\artisan(37): Illuminate\\Foundation\\Console\\Kernel->handle(Object(Symfony\\Component\\Console\\Input\\ArgvInput), Object(Symfony\\Component\\Console\\Output\\ConsoleOutput))
#8 {main}
"} 
[2021-04-21 13:51:05] local.ERROR: Class 'niklasravnsborg\LaravelPdf\PdfServiceProvider' not found {"exception":"[object] (Error(code: 0): Class 'niklasravnsborg\\LaravelPdf\\PdfServiceProvider' not found at D:\\Meus repositórios github\\Sistema de Gerenciamento de Escola\\vendor\\laravel\\framework\\src\\Illuminate\\Foundation\\ProviderRepository.php:208)
[stacktrace]
#0 D:\\Meus repositórios github\\Sistema de Gerenciamento de Escola\\vendor\\laravel\\framework\\src\\Illuminate\\Foundation\\ProviderRepository.php(144): Illuminate\\Foundation\\ProviderRepository->createProvider('niklasravnsborg...')
#1 D:\\Meus repositórios github\\Sistema de Gerenciamento de Escola\\vendor\\laravel\\framework\\src\\Illuminate\\Foundation\\ProviderRepository.php(61): Illuminate\\Foundation\\ProviderRepository->compileManifest(Array)
#2 D:\\Meus repositórios github\\Sistema de Gerenciamento de Escola\\vendor\\laravel\\framework\\src\\Illuminate\\Foundation\\Application.php(649): Illuminate\\Foundation\\ProviderRepository->load(Array)
#3 D:\\Meus repositórios github\\Sistema de Gerenciamento de Escola\\vendor\\laravel\\framework\\src\\Illuminate\\Foundation\\Bootstrap\\RegisterProviders.php(17): Illuminate\\Foundation\\Application->registerConfiguredProviders()
#4 D:\\Meus repositórios github\\Sistema de Gerenciamento de Escola\\vendor\\laravel\\framework\\src\\Illuminate\\Foundation\\Application.php(237): Illuminate\\Foundation\\Bootstrap\\RegisterProviders->bootstrap(Object(Illuminate\\Foundation\\Application))
#5 D:\\Meus repositórios github\\Sistema de Gerenciamento de Escola\\vendor\\laravel\\framework\\src\\Illuminate\\Foundation\\Console\\Kernel.php(310): Illuminate\\Foundation\\Application->bootstrapWith(Array)
#6 D:\\Meus repositórios github\\Sistema de Gerenciamento de Escola\\vendor\\laravel\\framework\\src\\Illuminate\\Foundation\\Console\\Kernel.php(127): Illuminate\\Foundation\\Console\\Kernel->bootstrap()
#7 D:\\Meus repositórios github\\Sistema de Gerenciamento de Escola\\artisan(37): Illuminate\\Foundation\\Console\\Kernel->handle(Object(Symfony\\Component\\Console\\Input\\ArgvInput), Object(Symfony\\Component\\Console\\Output\\ConsoleOutput))
#8 {main}
"} 
[2021-04-21 13:51:11] local.ERROR: Class 'niklasravnsborg\LaravelPdf\PdfServiceProvider' not found {"exception":"[object] (Error(code: 0): Class 'niklasravnsborg\\LaravelPdf\\PdfServiceProvider' not found at D:\\Meus repositórios github\\Sistema de Gerenciamento de Escola\\vendor\\laravel\\framework\\src\\Illuminate\\Foundation\\ProviderRepository.php:208)
[stacktrace]
#0 D:\\Meus repositórios github\\Sistema de Gerenciamento de Escola\\vendor\\laravel\\framework\\src\\Illuminate\\Foundation\\ProviderRepository.php(144): Illuminate\\Foundation\\ProviderRepository->createProvider('niklasravnsborg...')
#1 D:\\Meus repositórios github\\Sistema de Gerenciamento de Escola\\vendor\\laravel\\framework\\src\\Illuminate\\Foundation\\ProviderRepository.php(61): Illuminate\\Foundation\\ProviderRepository->compileManifest(Array)
#2 D:\\Meus repositórios github\\Sistema de Gerenciamento de Escola\\vendor\\laravel\\framework\\src\\Illuminate\\Foundation\\Application.php(649): Illuminate\\Foundation\\ProviderRepository->load(Array)
#3 D:\\Meus repositórios github\\Sistema de Gerenciamento de Escola\\vendor\\laravel\\framework\\src\\Illuminate\\Foundation\\Bootstrap\\RegisterProviders.php(17): Illuminate\\Foundation\\Application->registerConfiguredProviders()
#4 D:\\Meus repositórios github\\Sistema de Gerenciamento de Escola\\vendor\\laravel\\framework\\src\\Illuminate\\Foundation\\Application.php(237): Illuminate\\Foundation\\Bootstrap\\RegisterProviders->bootstrap(Object(Illuminate\\Foundation\\Application))
#5 D:\\Meus repositórios github\\Sistema de Gerenciamento de Escola\\vendor\\laravel\\framework\\src\\Illuminate\\Foundation\\Console\\Kernel.php(310): Illuminate\\Foundation\\Application->bootstrapWith(Array)
#6 D:\\Meus repositórios github\\Sistema de Gerenciamento de Escola\\vendor\\laravel\\framework\\src\\Illuminate\\Foundation\\Console\\Kernel.php(127): Illuminate\\Foundation\\Console\\Kernel->bootstrap()
#7 D:\\Meus repositórios github\\Sistema de Gerenciamento de Escola\\artisan(37): Illuminate\\Foundation\\Console\\Kernel->handle(Object(Symfony\\Component\\Console\\Input\\ArgvInput), Object(Symfony\\Component\\Console\\Output\\ConsoleOutput))
#8 {main}
"} 
[2021-04-21 13:52:24] local.ERROR: Class 'niklasravnsborg\LaravelPdf\PdfServiceProvider' not found {"exception":"[object] (Error(code: 0): Class 'niklasravnsborg\\LaravelPdf\\PdfServiceProvider' not found at D:\\Meus repositórios github\\Sistema de Gerenciamento de Escola\\vendor\\laravel\\framework\\src\\Illuminate\\Foundation\\ProviderRepository.php:208)
[stacktrace]
#0 D:\\Meus repositórios github\\Sistema de Gerenciamento de Escola\\vendor\\laravel\\framework\\src\\Illuminate\\Foundation\\ProviderRepository.php(144): Illuminate\\Foundation\\ProviderRepository->createProvider('niklasravnsborg...')
#1 D:\\Meus repositórios github\\Sistema de Gerenciamento de Escola\\vendor\\laravel\\framework\\src\\Illuminate\\Foundation\\ProviderRepository.php(61): Illuminate\\Foundation\\ProviderRepository->compileManifest(Array)
#2 D:\\Meus repositórios github\\Sistema de Gerenciamento de Escola\\vendor\\laravel\\framework\\src\\Illuminate\\Foundation\\Application.php(649): Illuminate\\Foundation\\ProviderRepository->load(Array)
#3 D:\\Meus repositórios github\\Sistema de Gerenciamento de Escola\\vendor\\laravel\\framework\\src\\Illuminate\\Foundation\\Bootstrap\\RegisterProviders.php(17): Illuminate\\Foundation\\Application->registerConfiguredProviders()
#4 D:\\Meus repositórios github\\Sistema de Gerenciamento de Escola\\vendor\\laravel\\framework\\src\\Illuminate\\Foundation\\Application.php(237): Illuminate\\Foundation\\Bootstrap\\RegisterProviders->bootstrap(Object(Illuminate\\Foundation\\Application))
#5 D:\\Meus repositórios github\\Sistema de Gerenciamento de Escola\\vendor\\laravel\\framework\\src\\Illuminate\\Foundation\\Console\\Kernel.php(310): Illuminate\\Foundation\\Application->bootstrapWith(Array)
#6 D:\\Meus repositórios github\\Sistema de Gerenciamento de Escola\\vendor\\laravel\\framework\\src\\Illuminate\\Foundation\\Console\\Kernel.php(127): Illuminate\\Foundation\\Console\\Kernel->bootstrap()
#7 D:\\Meus repositórios github\\Sistema de Gerenciamento de Escola\\artisan(37): Illuminate\\Foundation\\Console\\Kernel->handle(Object(Symfony\\Component\\Console\\Input\\ArgvInput), Object(Symfony\\Component\\Console\\Output\\ConsoleOutput))
#8 {main}
"} 
[2021-04-21 13:52:30] local.ERROR: Class 'niklasravnsborg\LaravelPdf\PdfServiceProvider' not found {"exception":"[object] (Error(code: 0): Class 'niklasravnsborg\\LaravelPdf\\PdfServiceProvider' not found at D:\\Meus repositórios github\\Sistema de Gerenciamento de Escola\\vendor\\laravel\\framework\\src\\Illuminate\\Foundation\\ProviderRepository.php:208)
[stacktrace]
#0 D:\\Meus repositórios github\\Sistema de Gerenciamento de Escola\\vendor\\laravel\\framework\\src\\Illuminate\\Foundation\\ProviderRepository.php(144): Illuminate\\Foundation\\ProviderRepository->createProvider('niklasravnsborg...')
#1 D:\\Meus repositórios github\\Sistema de Gerenciamento de Escola\\vendor\\laravel\\framework\\src\\Illuminate\\Foundation\\ProviderRepository.php(61): Illuminate\\Foundation\\ProviderRepository->compileManifest(Array)
#2 D:\\Meus repositórios github\\Sistema de Gerenciamento de Escola\\vendor\\laravel\\framework\\src\\Illuminate\\Foundation\\Application.php(649): Illuminate\\Foundation\\ProviderRepository->load(Array)
#3 D:\\Meus repositórios github\\Sistema de Gerenciamento de Escola\\vendor\\laravel\\framework\\src\\Illuminate\\Foundation\\Bootstrap\\RegisterProviders.php(17): Illuminate\\Foundation\\Application->registerConfiguredProviders()
#4 D:\\Meus repositórios github\\Sistema de Gerenciamento de Escola\\vendor\\laravel\\framework\\src\\Illuminate\\Foundation\\Application.php(237): Illuminate\\Foundation\\Bootstrap\\RegisterProviders->bootstrap(Object(Illuminate\\Foundation\\Application))
#5 D:\\Meus repositórios github\\Sistema de Gerenciamento de Escola\\vendor\\laravel\\framework\\src\\Illuminate\\Foundation\\Console\\Kernel.php(310): Illuminate\\Foundation\\Application->bootstrapWith(Array)
#6 D:\\Meus repositórios github\\Sistema de Gerenciamento de Escola\\vendor\\laravel\\framework\\src\\Illuminate\\Foundation\\Console\\Kernel.php(127): Illuminate\\Foundation\\Console\\Kernel->bootstrap()
#7 D:\\Meus repositórios github\\Sistema de Gerenciamento de Escola\\artisan(37): Illuminate\\Foundation\\Console\\Kernel->handle(Object(Symfony\\Component\\Console\\Input\\ArgvInput), Object(Symfony\\Component\\Console\\Output\\ConsoleOutput))
#8 {main}
"} 
[2021-04-21 13:54:19] local.ERROR: Class 'niklasravnsborg\LaravelPdf\PdfServiceProvider' not found {"exception":"[object] (Error(code: 0): Class 'niklasravnsborg\\LaravelPdf\\PdfServiceProvider' not found at D:\\Meus repositórios github\\Sistema de Gerenciamento de Escola\\vendor\\laravel\\framework\\src\\Illuminate\\Foundation\\ProviderRepository.php:208)
[stacktrace]
#0 D:\\Meus repositórios github\\Sistema de Gerenciamento de Escola\\vendor\\laravel\\framework\\src\\Illuminate\\Foundation\\ProviderRepository.php(144): Illuminate\\Foundation\\ProviderRepository->createProvider('niklasravnsborg...')
#1 D:\\Meus repositórios github\\Sistema de Gerenciamento de Escola\\vendor\\laravel\\framework\\src\\Illuminate\\Foundation\\ProviderRepository.php(61): Illuminate\\Foundation\\ProviderRepository->compileManifest(Array)
#2 D:\\Meus repositórios github\\Sistema de Gerenciamento de Escola\\vendor\\laravel\\framework\\src\\Illuminate\\Foundation\\Application.php(649): Illuminate\\Foundation\\ProviderRepository->load(Array)
#3 D:\\Meus repositórios github\\Sistema de Gerenciamento de Escola\\vendor\\laravel\\framework\\src\\Illuminate\\Foundation\\Bootstrap\\RegisterProviders.php(17): Illuminate\\Foundation\\Application->registerConfiguredProviders()
#4 D:\\Meus repositórios github\\Sistema de Gerenciamento de Escola\\vendor\\laravel\\framework\\src\\Illuminate\\Foundation\\Application.php(237): Illuminate\\Foundation\\Bootstrap\\RegisterProviders->bootstrap(Object(Illuminate\\Foundation\\Application))
#5 D:\\Meus repositórios github\\Sistema de Gerenciamento de Escola\\vendor\\laravel\\framework\\src\\Illuminate\\Foundation\\Console\\Kernel.php(310): Illuminate\\Foundation\\Application->bootstrapWith(Array)
#6 D:\\Meus repositórios github\\Sistema de Gerenciamento de Escola\\vendor\\laravel\\framework\\src\\Illuminate\\Foundation\\Console\\Kernel.php(127): Illuminate\\Foundation\\Console\\Kernel->bootstrap()
#7 D:\\Meus repositórios github\\Sistema de Gerenciamento de Escola\\artisan(37): Illuminate\\Foundation\\Console\\Kernel->handle(Object(Symfony\\Component\\Console\\Input\\ArgvInput), Object(Symfony\\Component\\Console\\Output\\ConsoleOutput))
#8 {main}
"} 
[2021-04-21 13:54:22] local.ERROR: Class 'niklasravnsborg\LaravelPdf\PdfServiceProvider' not found {"exception":"[object] (Error(code: 0): Class 'niklasravnsborg\\LaravelPdf\\PdfServiceProvider' not found at D:\\Meus repositórios github\\Sistema de Gerenciamento de Escola\\vendor\\laravel\\framework\\src\\Illuminate\\Foundation\\ProviderRepository.php:208)
[stacktrace]
#0 D:\\Meus repositórios github\\Sistema de Gerenciamento de Escola\\vendor\\laravel\\framework\\src\\Illuminate\\Foundation\\ProviderRepository.php(144): Illuminate\\Foundation\\ProviderRepository->createProvider('niklasravnsborg...')
#1 D:\\Meus repositórios github\\Sistema de Gerenciamento de Escola\\vendor\\laravel\\framework\\src\\Illuminate\\Foundation\\ProviderRepository.php(61): Illuminate\\Foundation\\ProviderRepository->compileManifest(Array)
#2 D:\\Meus repositórios github\\Sistema de Gerenciamento de Escola\\vendor\\laravel\\framework\\src\\Illuminate\\Foundation\\Application.php(649): Illuminate\\Foundation\\ProviderRepository->load(Array)
#3 D:\\Meus repositórios github\\Sistema de Gerenciamento de Escola\\vendor\\laravel\\framework\\src\\Illuminate\\Foundation\\Bootstrap\\RegisterProviders.php(17): Illuminate\\Foundation\\Application->registerConfiguredProviders()
#4 D:\\Meus repositórios github\\Sistema de Gerenciamento de Escola\\vendor\\laravel\\framework\\src\\Illuminate\\Foundation\\Application.php(237): Illuminate\\Foundation\\Bootstrap\\RegisterProviders->bootstrap(Object(Illuminate\\Foundation\\Application))
#5 D:\\Meus repositórios github\\Sistema de Gerenciamento de Escola\\vendor\\laravel\\framework\\src\\Illuminate\\Foundation\\Console\\Kernel.php(310): Illuminate\\Foundation\\Application->bootstrapWith(Array)
#6 D:\\Meus repositórios github\\Sistema de Gerenciamento de Escola\\vendor\\laravel\\framework\\src\\Illuminate\\Foundation\\Console\\Kernel.php(127): Illuminate\\Foundation\\Console\\Kernel->bootstrap()
#7 D:\\Meus repositórios github\\Sistema de Gerenciamento de Escola\\artisan(37): Illuminate\\Foundation\\Console\\Kernel->handle(Object(Symfony\\Component\\Console\\Input\\ArgvInput), Object(Symfony\\Component\\Console\\Output\\ConsoleOutput))
#8 {main}
"} 
[2021-04-21 13:55:44] local.ERROR: Class 'niklasravnsborg\LaravelPdf\PdfServiceProvider' not found {"exception":"[object] (Error(code: 0): Class 'niklasravnsborg\\LaravelPdf\\PdfServiceProvider' not found at D:\\Meus repositórios github\\Sistema de Gerenciamento de Escola\\vendor\\laravel\\framework\\src\\Illuminate\\Foundation\\ProviderRepository.php:208)
[stacktrace]
#0 D:\\Meus repositórios github\\Sistema de Gerenciamento de Escola\\vendor\\laravel\\framework\\src\\Illuminate\\Foundation\\ProviderRepository.php(144): Illuminate\\Foundation\\ProviderRepository->createProvider('niklasravnsborg...')
#1 D:\\Meus repositórios github\\Sistema de Gerenciamento de Escola\\vendor\\laravel\\framework\\src\\Illuminate\\Foundation\\ProviderRepository.php(61): Illuminate\\Foundation\\ProviderRepository->compileManifest(Array)
#2 D:\\Meus repositórios github\\Sistema de Gerenciamento de Escola\\vendor\\laravel\\framework\\src\\Illuminate\\Foundation\\Application.php(649): Illuminate\\Foundation\\ProviderRepository->load(Array)
#3 D:\\Meus repositórios github\\Sistema de Gerenciamento de Escola\\vendor\\laravel\\framework\\src\\Illuminate\\Foundation\\Bootstrap\\RegisterProviders.php(17): Illuminate\\Foundation\\Application->registerConfiguredProviders()
#4 D:\\Meus repositórios github\\Sistema de Gerenciamento de Escola\\vendor\\laravel\\framework\\src\\Illuminate\\Foundation\\Application.php(237): Illuminate\\Foundation\\Bootstrap\\RegisterProviders->bootstrap(Object(Illuminate\\Foundation\\Application))
#5 D:\\Meus repositórios github\\Sistema de Gerenciamento de Escola\\vendor\\laravel\\framework\\src\\Illuminate\\Foundation\\Console\\Kernel.php(310): Illuminate\\Foundation\\Application->bootstrapWith(Array)
#6 D:\\Meus repositórios github\\Sistema de Gerenciamento de Escola\\vendor\\laravel\\framework\\src\\Illuminate\\Foundation\\Console\\Kernel.php(127): Illuminate\\Foundation\\Console\\Kernel->bootstrap()
#7 D:\\Meus repositórios github\\Sistema de Gerenciamento de Escola\\artisan(37): Illuminate\\Foundation\\Console\\Kernel->handle(Object(Symfony\\Component\\Console\\Input\\ArgvInput), Object(Symfony\\Component\\Console\\Output\\ConsoleOutput))
#8 {main}
"} 
[2021-04-21 13:57:13] local.ERROR: Class 'niklasravnsborg\LaravelPdf\PdfServiceProvider' not found {"exception":"[object] (Error(code: 0): Class 'niklasravnsborg\\LaravelPdf\\PdfServiceProvider' not found at D:\\Meus repositórios github\\Sistema de Gerenciamento de Escola\\vendor\\laravel\\framework\\src\\Illuminate\\Foundation\\ProviderRepository.php:208)
[stacktrace]
#0 D:\\Meus repositórios github\\Sistema de Gerenciamento de Escola\\vendor\\laravel\\framework\\src\\Illuminate\\Foundation\\ProviderRepository.php(144): Illuminate\\Foundation\\ProviderRepository->createProvider('niklasravnsborg...')
#1 D:\\Meus repositórios github\\Sistema de Gerenciamento de Escola\\vendor\\laravel\\framework\\src\\Illuminate\\Foundation\\ProviderRepository.php(61): Illuminate\\Foundation\\ProviderRepository->compileManifest(Array)
#2 D:\\Meus repositórios github\\Sistema de Gerenciamento de Escola\\vendor\\laravel\\framework\\src\\Illuminate\\Foundation\\Application.php(649): Illuminate\\Foundation\\ProviderRepository->load(Array)
#3 D:\\Meus repositórios github\\Sistema de Gerenciamento de Escola\\vendor\\laravel\\framework\\src\\Illuminate\\Foundation\\Bootstrap\\RegisterProviders.php(17): Illuminate\\Foundation\\Application->registerConfiguredProviders()
#4 D:\\Meus repositórios github\\Sistema de Gerenciamento de Escola\\vendor\\laravel\\framework\\src\\Illuminate\\Foundation\\Application.php(237): Illuminate\\Foundation\\Bootstrap\\RegisterProviders->bootstrap(Object(Illuminate\\Foundation\\Application))
#5 D:\\Meus repositórios github\\Sistema de Gerenciamento de Escola\\vendor\\laravel\\framework\\src\\Illuminate\\Foundation\\Console\\Kernel.php(310): Illuminate\\Foundation\\Application->bootstrapWith(Array)
#6 D:\\Meus repositórios github\\Sistema de Gerenciamento de Escola\\vendor\\laravel\\framework\\src\\Illuminate\\Foundation\\Console\\Kernel.php(127): Illuminate\\Foundation\\Console\\Kernel->bootstrap()
#7 D:\\Meus repositórios github\\Sistema de Gerenciamento de Escola\\artisan(37): Illuminate\\Foundation\\Console\\Kernel->handle(Object(Symfony\\Component\\Console\\Input\\ArgvInput), Object(Symfony\\Component\\Console\\Output\\ConsoleOutput))
#8 {main}
"} 
[2021-04-21 13:57:20] local.ERROR: Class 'niklasravnsborg\LaravelPdf\PdfServiceProvider' not found {"exception":"[object] (Error(code: 0): Class 'niklasravnsborg\\LaravelPdf\\PdfServiceProvider' not found at D:\\Meus repositórios github\\Sistema de Gerenciamento de Escola\\vendor\\laravel\\framework\\src\\Illuminate\\Foundation\\ProviderRepository.php:208)
[stacktrace]
#0 D:\\Meus repositórios github\\Sistema de Gerenciamento de Escola\\vendor\\laravel\\framework\\src\\Illuminate\\Foundation\\ProviderRepository.php(144): Illuminate\\Foundation\\ProviderRepository->createProvider('niklasravnsborg...')
#1 D:\\Meus repositórios github\\Sistema de Gerenciamento de Escola\\vendor\\laravel\\framework\\src\\Illuminate\\Foundation\\ProviderRepository.php(61): Illuminate\\Foundation\\ProviderRepository->compileManifest(Array)
#2 D:\\Meus repositórios github\\Sistema de Gerenciamento de Escola\\vendor\\laravel\\framework\\src\\Illuminate\\Foundation\\Application.php(649): Illuminate\\Foundation\\ProviderRepository->load(Array)
#3 D:\\Meus repositórios github\\Sistema de Gerenciamento de Escola\\vendor\\laravel\\framework\\src\\Illuminate\\Foundation\\Bootstrap\\RegisterProviders.php(17): Illuminate\\Foundation\\Application->registerConfiguredProviders()
#4 D:\\Meus repositórios github\\Sistema de Gerenciamento de Escola\\vendor\\laravel\\framework\\src\\Illuminate\\Foundation\\Application.php(237): Illuminate\\Foundation\\Bootstrap\\RegisterProviders->bootstrap(Object(Illuminate\\Foundation\\Application))
#5 D:\\Meus repositórios github\\Sistema de Gerenciamento de Escola\\vendor\\laravel\\framework\\src\\Illuminate\\Foundation\\Console\\Kernel.php(310): Illuminate\\Foundation\\Application->bootstrapWith(Array)
#6 D:\\Meus repositórios github\\Sistema de Gerenciamento de Escola\\vendor\\laravel\\framework\\src\\Illuminate\\Foundation\\Console\\Kernel.php(127): Illuminate\\Foundation\\Console\\Kernel->bootstrap()
#7 D:\\Meus repositórios github\\Sistema de Gerenciamento de Escola\\artisan(37): Illuminate\\Foundation\\Console\\Kernel->handle(Object(Symfony\\Component\\Console\\Input\\ArgvInput), Object(Symfony\\Component\\Console\\Output\\ConsoleOutput))
#8 {main}
"} 
[2021-04-21 13:57:26] local.ERROR: Class 'niklasravnsborg\LaravelPdf\PdfServiceProvider' not found {"exception":"[object] (Error(code: 0): Class 'niklasravnsborg\\LaravelPdf\\PdfServiceProvider' not found at D:\\Meus repositórios github\\Sistema de Gerenciamento de Escola\\vendor\\laravel\\framework\\src\\Illuminate\\Foundation\\ProviderRepository.php:208)
[stacktrace]
#0 D:\\Meus repositórios github\\Sistema de Gerenciamento de Escola\\vendor\\laravel\\framework\\src\\Illuminate\\Foundation\\ProviderRepository.php(144): Illuminate\\Foundation\\ProviderRepository->createProvider('niklasravnsborg...')
#1 D:\\Meus repositórios github\\Sistema de Gerenciamento de Escola\\vendor\\laravel\\framework\\src\\Illuminate\\Foundation\\ProviderRepository.php(61): Illuminate\\Foundation\\ProviderRepository->compileManifest(Array)
#2 D:\\Meus repositórios github\\Sistema de Gerenciamento de Escola\\vendor\\laravel\\framework\\src\\Illuminate\\Foundation\\Application.php(649): Illuminate\\Foundation\\ProviderRepository->load(Array)
#3 D:\\Meus repositórios github\\Sistema de Gerenciamento de Escola\\vendor\\laravel\\framework\\src\\Illuminate\\Foundation\\Bootstrap\\RegisterProviders.php(17): Illuminate\\Foundation\\Application->registerConfiguredProviders()
#4 D:\\Meus repositórios github\\Sistema de Gerenciamento de Escola\\vendor\\laravel\\framework\\src\\Illuminate\\Foundation\\Application.php(237): Illuminate\\Foundation\\Bootstrap\\RegisterProviders->bootstrap(Object(Illuminate\\Foundation\\Application))
#5 D:\\Meus repositórios github\\Sistema de Gerenciamento de Escola\\vendor\\laravel\\framework\\src\\Illuminate\\Foundation\\Console\\Kernel.php(310): Illuminate\\Foundation\\Application->bootstrapWith(Array)
#6 D:\\Meus repositórios github\\Sistema de Gerenciamento de Escola\\vendor\\laravel\\framework\\src\\Illuminate\\Foundation\\Console\\Kernel.php(127): Illuminate\\Foundation\\Console\\Kernel->bootstrap()
#7 D:\\Meus repositórios github\\Sistema de Gerenciamento de Escola\\artisan(37): Illuminate\\Foundation\\Console\\Kernel->handle(Object(Symfony\\Component\\Console\\Input\\ArgvInput), Object(Symfony\\Component\\Console\\Output\\ConsoleOutput))
#8 {main}
"} 
[2021-04-21 13:57:46] local.ERROR: Class 'niklasravnsborg\LaravelPdf\PdfServiceProvider' not found {"exception":"[object] (Error(code: 0): Class 'niklasravnsborg\\LaravelPdf\\PdfServiceProvider' not found at D:\\Meus repositórios github\\Sistema de Gerenciamento de Escola\\vendor\\laravel\\framework\\src\\Illuminate\\Foundation\\ProviderRepository.php:208)
[stacktrace]
#0 D:\\Meus repositórios github\\Sistema de Gerenciamento de Escola\\vendor\\laravel\\framework\\src\\Illuminate\\Foundation\\ProviderRepository.php(144): Illuminate\\Foundation\\ProviderRepository->createProvider('niklasravnsborg...')
#1 D:\\Meus repositórios github\\Sistema de Gerenciamento de Escola\\vendor\\laravel\\framework\\src\\Illuminate\\Foundation\\ProviderRepository.php(61): Illuminate\\Foundation\\ProviderRepository->compileManifest(Array)
#2 D:\\Meus repositórios github\\Sistema de Gerenciamento de Escola\\vendor\\laravel\\framework\\src\\Illuminate\\Foundation\\Application.php(649): Illuminate\\Foundation\\ProviderRepository->load(Array)
#3 D:\\Meus repositórios github\\Sistema de Gerenciamento de Escola\\vendor\\laravel\\framework\\src\\Illuminate\\Foundation\\Bootstrap\\RegisterProviders.php(17): Illuminate\\Foundation\\Application->registerConfiguredProviders()
#4 D:\\Meus repositórios github\\Sistema de Gerenciamento de Escola\\vendor\\laravel\\framework\\src\\Illuminate\\Foundation\\Application.php(237): Illuminate\\Foundation\\Bootstrap\\RegisterProviders->bootstrap(Object(Illuminate\\Foundation\\Application))
#5 D:\\Meus repositórios github\\Sistema de Gerenciamento de Escola\\vendor\\laravel\\framework\\src\\Illuminate\\Foundation\\Console\\Kernel.php(310): Illuminate\\Foundation\\Application->bootstrapWith(Array)
#6 D:\\Meus repositórios github\\Sistema de Gerenciamento de Escola\\vendor\\laravel\\framework\\src\\Illuminate\\Foundation\\Console\\Kernel.php(127): Illuminate\\Foundation\\Console\\Kernel->bootstrap()
#7 D:\\Meus repositórios github\\Sistema de Gerenciamento de Escola\\artisan(37): Illuminate\\Foundation\\Console\\Kernel->handle(Object(Symfony\\Component\\Console\\Input\\ArgvInput), Object(Symfony\\Component\\Console\\Output\\ConsoleOutput))
#8 {main}
"} 
[2021-04-21 13:58:47] local.ERROR: Class 'Laravel\Sail\SailServiceProvider' not found {"exception":"[object] (Error(code: 0): Class 'Laravel\\Sail\\SailServiceProvider' not found at D:\\Meus repositórios github\\Sistema de Gerenciamento de Escola\\vendor\\laravel\\framework\\src\\Illuminate\\Foundation\\ProviderRepository.php:208)
[stacktrace]
#0 D:\\Meus repositórios github\\Sistema de Gerenciamento de Escola\\vendor\\laravel\\framework\\src\\Illuminate\\Foundation\\ProviderRepository.php(144): Illuminate\\Foundation\\ProviderRepository->createProvider('Laravel\\\\Sail\\\\Sa...')
#1 D:\\Meus repositórios github\\Sistema de Gerenciamento de Escola\\vendor\\laravel\\framework\\src\\Illuminate\\Foundation\\ProviderRepository.php(61): Illuminate\\Foundation\\ProviderRepository->compileManifest(Array)
#2 D:\\Meus repositórios github\\Sistema de Gerenciamento de Escola\\vendor\\laravel\\framework\\src\\Illuminate\\Foundation\\Application.php(649): Illuminate\\Foundation\\ProviderRepository->load(Array)
#3 D:\\Meus repositórios github\\Sistema de Gerenciamento de Escola\\vendor\\laravel\\framework\\src\\Illuminate\\Foundation\\Bootstrap\\RegisterProviders.php(17): Illuminate\\Foundation\\Application->registerConfiguredProviders()
#4 D:\\Meus repositórios github\\Sistema de Gerenciamento de Escola\\vendor\\laravel\\framework\\src\\Illuminate\\Foundation\\Application.php(237): Illuminate\\Foundation\\Bootstrap\\RegisterProviders->bootstrap(Object(Illuminate\\Foundation\\Application))
#5 D:\\Meus repositórios github\\Sistema de Gerenciamento de Escola\\vendor\\laravel\\framework\\src\\Illuminate\\Foundation\\Console\\Kernel.php(310): Illuminate\\Foundation\\Application->bootstrapWith(Array)
#6 D:\\Meus repositórios github\\Sistema de Gerenciamento de Escola\\vendor\\laravel\\framework\\src\\Illuminate\\Foundation\\Console\\Kernel.php(127): Illuminate\\Foundation\\Console\\Kernel->bootstrap()
#7 D:\\Meus repositórios github\\Sistema de Gerenciamento de Escola\\artisan(37): Illuminate\\Foundation\\Console\\Kernel->handle(Object(Symfony\\Component\\Console\\Input\\ArgvInput), Object(Symfony\\Component\\Console\\Output\\ConsoleOutput))
#8 {main}
"} 
[2021-04-21 13:59:04] local.ERROR: Class 'Laravel\Sail\SailServiceProvider' not found {"exception":"[object] (Error(code: 0): Class 'Laravel\\Sail\\SailServiceProvider' not found at D:\\Meus repositórios github\\Sistema de Gerenciamento de Escola\\vendor\\laravel\\framework\\src\\Illuminate\\Foundation\\ProviderRepository.php:208)
[stacktrace]
#0 D:\\Meus repositórios github\\Sistema de Gerenciamento de Escola\\vendor\\laravel\\framework\\src\\Illuminate\\Foundation\\ProviderRepository.php(144): Illuminate\\Foundation\\ProviderRepository->createProvider('Laravel\\\\Sail\\\\Sa...')
#1 D:\\Meus repositórios github\\Sistema de Gerenciamento de Escola\\vendor\\laravel\\framework\\src\\Illuminate\\Foundation\\ProviderRepository.php(61): Illuminate\\Foundation\\ProviderRepository->compileManifest(Array)
#2 D:\\Meus repositórios github\\Sistema de Gerenciamento de Escola\\vendor\\laravel\\framework\\src\\Illuminate\\Foundation\\Application.php(649): Illuminate\\Foundation\\ProviderRepository->load(Array)
#3 D:\\Meus repositórios github\\Sistema de Gerenciamento de Escola\\vendor\\laravel\\framework\\src\\Illuminate\\Foundation\\Bootstrap\\RegisterProviders.php(17): Illuminate\\Foundation\\Application->registerConfiguredProviders()
#4 D:\\Meus repositórios github\\Sistema de Gerenciamento de Escola\\vendor\\laravel\\framework\\src\\Illuminate\\Foundation\\Application.php(237): Illuminate\\Foundation\\Bootstrap\\RegisterProviders->bootstrap(Object(Illuminate\\Foundation\\Application))
#5 D:\\Meus repositórios github\\Sistema de Gerenciamento de Escola\\vendor\\laravel\\framework\\src\\Illuminate\\Foundation\\Console\\Kernel.php(310): Illuminate\\Foundation\\Application->bootstrapWith(Array)
#6 D:\\Meus repositórios github\\Sistema de Gerenciamento de Escola\\vendor\\laravel\\framework\\src\\Illuminate\\Foundation\\Console\\Kernel.php(127): Illuminate\\Foundation\\Console\\Kernel->bootstrap()
#7 D:\\Meus repositórios github\\Sistema de Gerenciamento de Escola\\artisan(37): Illuminate\\Foundation\\Console\\Kernel->handle(Object(Symfony\\Component\\Console\\Input\\ArgvInput), Object(Symfony\\Component\\Console\\Output\\ConsoleOutput))
#8 {main}
"} 
[2021-04-21 14:00:26] local.ERROR: SQLSTATE[42S02]: Base table or view not found: 1146 Table 'escola.migrations' doesn't exist (SQL: select max(`batch`) as aggregate from `migrations`) {"exception":"[object] (Illuminate\\Database\\QueryException(code: 42S02): SQLSTATE[42S02]: Base table or view not found: 1146 Table 'escola.migrations' doesn't exist (SQL: select max(`batch`) as aggregate from `migrations`) at D:\\Meus repositórios github\\Sistema de Gerenciamento de Escola\\vendor\\laravel\\framework\\src\\Illuminate\\Database\\Connection.php:678)
[stacktrace]
#0 D:\\Meus repositórios github\\Sistema de Gerenciamento de Escola\\vendor\\laravel\\framework\\src\\Illuminate\\Database\\Connection.php(638): Illuminate\\Database\\Connection->runQueryCallback('select max(`bat...', Array, Object(Closure))
#1 D:\\Meus repositórios github\\Sistema de Gerenciamento de Escola\\vendor\\laravel\\framework\\src\\Illuminate\\Database\\Connection.php(346): Illuminate\\Database\\Connection->run('select max(`bat...', Array, Object(Closure))
#2 D:\\Meus repositórios github\\Sistema de Gerenciamento de Escola\\vendor\\laravel\\framework\\src\\Illuminate\\Database\\Query\\Builder.php(2313): Illuminate\\Database\\Connection->select('select max(`bat...', Array, false)
#3 D:\\Meus repositórios github\\Sistema de Gerenciamento de Escola\\vendor\\laravel\\framework\\src\\Illuminate\\Database\\Query\\Builder.php(2301): Illuminate\\Database\\Query\\Builder->runSelect()
#4 D:\\Meus repositórios github\\Sistema de Gerenciamento de Escola\\vendor\\laravel\\framework\\src\\Illuminate\\Database\\Query\\Builder.php(2796): Illuminate\\Database\\Query\\Builder->Illuminate\\Database\\Query\\{closure}()
#5 D:\\Meus repositórios github\\Sistema de Gerenciamento de Escola\\vendor\\laravel\\framework\\src\\Illuminate\\Database\\Query\\Builder.php(2302): Illuminate\\Database\\Query\\Builder->onceWithColumns(Array, Object(Closure))
#6 D:\\Meus repositórios github\\Sistema de Gerenciamento de Escola\\vendor\\laravel\\framework\\src\\Illuminate\\Database\\Query\\Builder.php(2723): Illuminate\\Database\\Query\\Builder->get(Array)
#7 D:\\Meus repositórios github\\Sistema de Gerenciamento de Escola\\vendor\\laravel\\framework\\src\\Illuminate\\Database\\Query\\Builder.php(2673): Illuminate\\Database\\Query\\Builder->aggregate('max', Array)
#8 D:\\Meus repositórios github\\Sistema de Gerenciamento de Escola\\vendor\\laravel\\framework\\src\\Illuminate\\Database\\Migrations\\DatabaseMigrationRepository.php(138): Illuminate\\Database\\Query\\Builder->max('batch')
#9 D:\\Meus repositórios github\\Sistema de Gerenciamento de Escola\\vendor\\laravel\\framework\\src\\Illuminate\\Database\\Migrations\\DatabaseMigrationRepository.php(78): Illuminate\\Database\\Migrations\\DatabaseMigrationRepository->getLastBatchNumber()
#10 D:\\Meus repositórios github\\Sistema de Gerenciamento de Escola\\vendor\\laravel\\framework\\src\\Illuminate\\Database\\Migrations\\Migrator.php(250): Illuminate\\Database\\Migrations\\DatabaseMigrationRepository->getLast()
#11 D:\\Meus repositórios github\\Sistema de Gerenciamento de Escola\\vendor\\laravel\\framework\\src\\Illuminate\\Database\\Migrations\\Migrator.php(225): Illuminate\\Database\\Migrations\\Migrator->getMigrationsForRollback(Array)
#12 D:\\Meus repositórios github\\Sistema de Gerenciamento de Escola\\vendor\\laravel\\framework\\src\\Illuminate\\Database\\Console\\Migrations\\RollbackCommand.php(62): Illuminate\\Database\\Migrations\\Migrator->rollback(Array, Array)
#13 D:\\Meus repositórios github\\Sistema de Gerenciamento de Escola\\vendor\\laravel\\framework\\src\\Illuminate\\Database\\Migrations\\Migrator.php(576): Illuminate\\Database\\Console\\Migrations\\RollbackCommand->Illuminate\\Database\\Console\\Migrations\\{closure}()
#14 D:\\Meus repositórios github\\Sistema de Gerenciamento de Escola\\vendor\\laravel\\framework\\src\\Illuminate\\Database\\Console\\Migrations\\RollbackCommand.php(65): Illuminate\\Database\\Migrations\\Migrator->usingConnection(NULL, Object(Closure))
#15 D:\\Meus repositórios github\\Sistema de Gerenciamento de Escola\\vendor\\laravel\\framework\\src\\Illuminate\\Container\\BoundMethod.php(36): Illuminate\\Database\\Console\\Migrations\\RollbackCommand->handle()
#16 D:\\Meus repositórios github\\Sistema de Gerenciamento de Escola\\vendor\\laravel\\framework\\src\\Illuminate\\Container\\Util.php(40): Illuminate\\Container\\BoundMethod::Illuminate\\Container\\{closure}()
#17 D:\\Meus repositórios github\\Sistema de Gerenciamento de Escola\\vendor\\laravel\\framework\\src\\Illuminate\\Container\\BoundMethod.php(93): Illuminate\\Container\\Util::unwrapIfClosure(Object(Closure))
#18 D:\\Meus repositórios github\\Sistema de Gerenciamento de Escola\\vendor\\laravel\\framework\\src\\Illuminate\\Container\\BoundMethod.php(37): Illuminate\\Container\\BoundMethod::callBoundMethod(Object(Illuminate\\Foundation\\Application), Array, Object(Closure))
#19 D:\\Meus repositórios github\\Sistema de Gerenciamento de Escola\\vendor\\laravel\\framework\\src\\Illuminate\\Container\\Container.php(611): Illuminate\\Container\\BoundMethod::call(Object(Illuminate\\Foundation\\Application), Array, Array, NULL)
#20 D:\\Meus repositórios github\\Sistema de Gerenciamento de Escola\\vendor\\laravel\\framework\\src\\Illuminate\\Console\\Command.php(136): Illuminate\\Container\\Container->call(Array)
#21 D:\\Meus repositórios github\\Sistema de Gerenciamento de Escola\\vendor\\symfony\\console\\Command\\Command.php(256): Illuminate\\Console\\Command->execute(Object(Symfony\\Component\\Console\\Input\\ArgvInput), Object(Illuminate\\Console\\OutputStyle))
#22 D:\\Meus repositórios github\\Sistema de Gerenciamento de Escola\\vendor\\laravel\\framework\\src\\Illuminate\\Console\\Command.php(121): Symfony\\Component\\Console\\Command\\Command->run(Object(Symfony\\Component\\Console\\Input\\ArgvInput), Object(Illuminate\\Console\\OutputStyle))
#23 D:\\Meus repositórios github\\Sistema de Gerenciamento de Escola\\vendor\\symfony\\console\\Application.php(971): Illuminate\\Console\\Command->run(Object(Symfony\\Component\\Console\\Input\\ArgvInput), Object(Symfony\\Component\\Console\\Output\\ConsoleOutput))
#24 D:\\Meus repositórios github\\Sistema de Gerenciamento de Escola\\vendor\\symfony\\console\\Application.php(290): Symfony\\Component\\Console\\Application->doRunCommand(Object(Illuminate\\Database\\Console\\Migrations\\RollbackCommand), Object(Symfony\\Component\\Console\\Input\\ArgvInput), Object(Symfony\\Component\\Console\\Output\\ConsoleOutput))
#25 D:\\Meus repositórios github\\Sistema de Gerenciamento de Escola\\vendor\\symfony\\console\\Application.php(166): Symfony\\Component\\Console\\Application->doRun(Object(Symfony\\Component\\Console\\Input\\ArgvInput), Object(Symfony\\Component\\Console\\Output\\ConsoleOutput))
#26 D:\\Meus repositórios github\\Sistema de Gerenciamento de Escola\\vendor\\laravel\\framework\\src\\Illuminate\\Console\\Application.php(92): Symfony\\Component\\Console\\Application->run(Object(Symfony\\Component\\Console\\Input\\ArgvInput), Object(Symfony\\Component\\Console\\Output\\ConsoleOutput))
#27 D:\\Meus repositórios github\\Sistema de Gerenciamento de Escola\\vendor\\laravel\\framework\\src\\Illuminate\\Foundation\\Console\\Kernel.php(129): Illuminate\\Console\\Application->run(Object(Symfony\\Component\\Console\\Input\\ArgvInput), Object(Symfony\\Component\\Console\\Output\\ConsoleOutput))
#28 D:\\Meus repositórios github\\Sistema de Gerenciamento de Escola\\artisan(37): Illuminate\\Foundation\\Console\\Kernel->handle(Object(Symfony\\Component\\Console\\Input\\ArgvInput), Object(Symfony\\Component\\Console\\Output\\ConsoleOutput))
#29 {main}

[previous exception] [object] (PDOException(code: 42S02): SQLSTATE[42S02]: Base table or view not found: 1146 Table 'escola.migrations' doesn't exist at D:\\Meus repositórios github\\Sistema de Gerenciamento de Escola\\vendor\\laravel\\framework\\src\\Illuminate\\Database\\Connection.php:338)
[stacktrace]
#0 D:\\Meus repositórios github\\Sistema de Gerenciamento de Escola\\vendor\\laravel\\framework\\src\\Illuminate\\Database\\Connection.php(338): PDO->prepare('select max(`bat...')
#1 D:\\Meus repositórios github\\Sistema de Gerenciamento de Escola\\vendor\\laravel\\framework\\src\\Illuminate\\Database\\Connection.php(671): Illuminate\\Database\\Connection->Illuminate\\Database\\{closure}('select max(`bat...', Array)
#2 D:\\Meus repositórios github\\Sistema de Gerenciamento de Escola\\vendor\\laravel\\framework\\src\\Illuminate\\Database\\Connection.php(638): Illuminate\\Database\\Connection->runQueryCallback('select max(`bat...', Array, Object(Closure))
#3 D:\\Meus repositórios github\\Sistema de Gerenciamento de Escola\\vendor\\laravel\\framework\\src\\Illuminate\\Database\\Connection.php(346): Illuminate\\Database\\Connection->run('select max(`bat...', Array, Object(Closure))
#4 D:\\Meus repositórios github\\Sistema de Gerenciamento de Escola\\vendor\\laravel\\framework\\src\\Illuminate\\Database\\Query\\Builder.php(2313): Illuminate\\Database\\Connection->select('select max(`bat...', Array, false)
#5 D:\\Meus repositórios github\\Sistema de Gerenciamento de Escola\\vendor\\laravel\\framework\\src\\Illuminate\\Database\\Query\\Builder.php(2301): Illuminate\\Database\\Query\\Builder->runSelect()
#6 D:\\Meus repositórios github\\Sistema de Gerenciamento de Escola\\vendor\\laravel\\framework\\src\\Illuminate\\Database\\Query\\Builder.php(2796): Illuminate\\Database\\Query\\Builder->Illuminate\\Database\\Query\\{closure}()
#7 D:\\Meus repositórios github\\Sistema de Gerenciamento de Escola\\vendor\\laravel\\framework\\src\\Illuminate\\Database\\Query\\Builder.php(2302): Illuminate\\Database\\Query\\Builder->onceWithColumns(Array, Object(Closure))
#8 D:\\Meus repositórios github\\Sistema de Gerenciamento de Escola\\vendor\\laravel\\framework\\src\\Illuminate\\Database\\Query\\Builder.php(2723): Illuminate\\Database\\Query\\Builder->get(Array)
#9 D:\\Meus repositórios github\\Sistema de Gerenciamento de Escola\\vendor\\laravel\\framework\\src\\Illuminate\\Database\\Query\\Builder.php(2673): Illuminate\\Database\\Query\\Builder->aggregate('max', Array)
#10 D:\\Meus repositórios github\\Sistema de Gerenciamento de Escola\\vendor\\laravel\\framework\\src\\Illuminate\\Database\\Migrations\\DatabaseMigrationRepository.php(138): Illuminate\\Database\\Query\\Builder->max('batch')
#11 D:\\Meus repositórios github\\Sistema de Gerenciamento de Escola\\vendor\\laravel\\framework\\src\\Illuminate\\Database\\Migrations\\DatabaseMigrationRepository.php(78): Illuminate\\Database\\Migrations\\DatabaseMigrationRepository->getLastBatchNumber()
#12 D:\\Meus repositórios github\\Sistema de Gerenciamento de Escola\\vendor\\laravel\\framework\\src\\Illuminate\\Database\\Migrations\\Migrator.php(250): Illuminate\\Database\\Migrations\\DatabaseMigrationRepository->getLast()
#13 D:\\Meus repositórios github\\Sistema de Gerenciamento de Escola\\vendor\\laravel\\framework\\src\\Illuminate\\Database\\Migrations\\Migrator.php(225): Illuminate\\Database\\Migrations\\Migrator->getMigrationsForRollback(Array)
#14 D:\\Meus repositórios github\\Sistema de Gerenciamento de Escola\\vendor\\laravel\\framework\\src\\Illuminate\\Database\\Console\\Migrations\\RollbackCommand.php(62): Illuminate\\Database\\Migrations\\Migrator->rollback(Array, Array)
#15 D:\\Meus repositórios github\\Sistema de Gerenciamento de Escola\\vendor\\laravel\\framework\\src\\Illuminate\\Database\\Migrations\\Migrator.php(576): Illuminate\\Database\\Console\\Migrations\\RollbackCommand->Illuminate\\Database\\Console\\Migrations\\{closure}()
#16 D:\\Meus repositórios github\\Sistema de Gerenciamento de Escola\\vendor\\laravel\\framework\\src\\Illuminate\\Database\\Console\\Migrations\\RollbackCommand.php(65): Illuminate\\Database\\Migrations\\Migrator->usingConnection(NULL, Object(Closure))
#17 D:\\Meus repositórios github\\Sistema de Gerenciamento de Escola\\vendor\\laravel\\framework\\src\\Illuminate\\Container\\BoundMethod.php(36): Illuminate\\Database\\Console\\Migrations\\RollbackCommand->handle()
#18 D:\\Meus repositórios github\\Sistema de Gerenciamento de Escola\\vendor\\laravel\\framework\\src\\Illuminate\\Container\\Util.php(40): Illuminate\\Container\\BoundMethod::Illuminate\\Container\\{closure}()
#19 D:\\Meus repositórios github\\Sistema de Gerenciamento de Escola\\vendor\\laravel\\framework\\src\\Illuminate\\Container\\BoundMethod.php(93): Illuminate\\Container\\Util::unwrapIfClosure(Object(Closure))
#20 D:\\Meus repositórios github\\Sistema de Gerenciamento de Escola\\vendor\\laravel\\framework\\src\\Illuminate\\Container\\BoundMethod.php(37): Illuminate\\Container\\BoundMethod::callBoundMethod(Object(Illuminate\\Foundation\\Application), Array, Object(Closure))
#21 D:\\Meus repositórios github\\Sistema de Gerenciamento de Escola\\vendor\\laravel\\framework\\src\\Illuminate\\Container\\Container.php(611): Illuminate\\Container\\BoundMethod::call(Object(Illuminate\\Foundation\\Application), Array, Array, NULL)
#22 D:\\Meus repositórios github\\Sistema de Gerenciamento de Escola\\vendor\\laravel\\framework\\src\\Illuminate\\Console\\Command.php(136): Illuminate\\Container\\Container->call(Array)
#23 D:\\Meus repositórios github\\Sistema de Gerenciamento de Escola\\vendor\\symfony\\console\\Command\\Command.php(256): Illuminate\\Console\\Command->execute(Object(Symfony\\Component\\Console\\Input\\ArgvInput), Object(Illuminate\\Console\\OutputStyle))
#24 D:\\Meus repositórios github\\Sistema de Gerenciamento de Escola\\vendor\\laravel\\framework\\src\\Illuminate\\Console\\Command.php(121): Symfony\\Component\\Console\\Command\\Command->run(Object(Symfony\\Component\\Console\\Input\\ArgvInput), Object(Illuminate\\Console\\OutputStyle))
#25 D:\\Meus repositórios github\\Sistema de Gerenciamento de Escola\\vendor\\symfony\\console\\Application.php(971): Illuminate\\Console\\Command->run(Object(Symfony\\Component\\Console\\Input\\ArgvInput), Object(Symfony\\Component\\Console\\Output\\ConsoleOutput))
#26 D:\\Meus repositórios github\\Sistema de Gerenciamento de Escola\\vendor\\symfony\\console\\Application.php(290): Symfony\\Component\\Console\\Application->doRunCommand(Object(Illuminate\\Database\\Console\\Migrations\\RollbackCommand), Object(Symfony\\Component\\Console\\Input\\ArgvInput), Object(Symfony\\Component\\Console\\Output\\ConsoleOutput))
#27 D:\\Meus repositórios github\\Sistema de Gerenciamento de Escola\\vendor\\symfony\\console\\Application.php(166): Symfony\\Component\\Console\\Application->doRun(Object(Symfony\\Component\\Console\\Input\\ArgvInput), Object(Symfony\\Component\\Console\\Output\\ConsoleOutput))
#28 D:\\Meus repositórios github\\Sistema de Gerenciamento de Escola\\vendor\\laravel\\framework\\src\\Illuminate\\Console\\Application.php(92): Symfony\\Component\\Console\\Application->run(Object(Symfony\\Component\\Console\\Input\\ArgvInput), Object(Symfony\\Component\\Console\\Output\\ConsoleOutput))
#29 D:\\Meus repositórios github\\Sistema de Gerenciamento de Escola\\vendor\\laravel\\framework\\src\\Illuminate\\Foundation\\Console\\Kernel.php(129): Illuminate\\Console\\Application->run(Object(Symfony\\Component\\Console\\Input\\ArgvInput), Object(Symfony\\Component\\Console\\Output\\ConsoleOutput))
#30 D:\\Meus repositórios github\\Sistema de Gerenciamento de Escola\\artisan(37): Illuminate\\Foundation\\Console\\Kernel->handle(Object(Symfony\\Component\\Console\\Input\\ArgvInput), Object(Symfony\\Component\\Console\\Output\\ConsoleOutput))
#31 {main}
"} 
